<?xml version="1.0" encoding="UTF-8"?>
<!-- Generated by org.testng.reporters.JUnitReportReporter -->
<testsuite skipped="0" hostname="KrithvikRamdutya" name="week6.day1.assignment1.MergeLeads" tests="1" failures="0" timestamp="2022-08-15T17:36:02 IST" time="7.832" errors="0">
  <testcase name="leafTapMergeLeads" time="7.832" classname="week6.day1.assignment1.MergeLeads"/>
  <system-out/>
</testsuite> <!-- week6.day1.assignment1.MergeLeads -->
