<?xml version="1.0" encoding="UTF-8"?>
<!-- Generated by org.testng.reporters.JUnitReportReporter -->
<testsuite skipped="0" hostname="KrithvikRamdutya" name="linkedin.ProjectSpecifiedMethod" tests="1" failures="0" timestamp="2022-08-17T18:47:49 IST" time="9.251" errors="0">
  <testcase name="browserSetup" time="9.251" classname="linkedin.ProjectSpecifiedMethod"/>
  <system-out/>
</testsuite> <!-- linkedin.ProjectSpecifiedMethod -->
