<?xml version="1.0" encoding="UTF-8"?>
<!-- Generated by org.testng.reporters.JUnitReportReporter -->
<testsuite skipped="0" hostname="KrithvikRamdutya" name="week6.day1.assignment2.CreateAccounts" tests="4" failures="0" timestamp="2022-08-16T16:44:22 IST" time="59.867" errors="0">
  <testcase name="salesForceCreateAccounts" time="17.833" classname="week6.day1.assignment2.CreateAccounts"/>
  <system-out/>
  <testcase name="salesForceCreateAccounts" time="15.936" classname="week6.day1.assignment2.CreateAccounts"/>
  <system-out/>
  <testcase name="salesForceCreateAccounts" time="15.390" classname="week6.day1.assignment2.CreateAccounts"/>
  <system-out/>
  <testcase name="logOut" time="10.708" classname="week6.day1.assignment2.CreateAccounts"/>
  <system-out/>
</testsuite> <!-- week6.day1.assignment2.CreateAccounts -->
