<?xml version="1.0" encoding="UTF-8"?>
<!-- Generated by org.testng.reporters.JUnitReportReporter -->
<testsuite skipped="0" hostname="KrithvikRamdutya" name="runner.ProjectExecution" tests="2" failures="0" timestamp="2022-08-20T22:38:14 IST" time="6.411" errors="0">
  <testcase name="runScenario" time="2.131" classname="runner.ProjectExecution"/>
  <system-out/>
  <testcase name="runScenario" time="4.280" classname="runner.ProjectExecution"/>
  <system-out/>
</testsuite> <!-- runner.ProjectExecution -->
