<?xml version="1.0" encoding="UTF-8"?>
<!-- Generated by org.testng.reporters.JUnitReportReporter -->
<testsuite skipped="0" hostname="KrithvikRamdutya" name="week6.marathon.TestCase001" tests="2" failures="0" timestamp="2022-08-19T10:20:18 IST" time="34.092" errors="0">
  <testcase name="testCaseSales" time="15.522" classname="week6.marathon.TestCase001"/>
  <system-out/>
  <testcase name="testCaseSales" time="18.570" classname="week6.marathon.TestCase001"/>
  <system-out/>
</testsuite> <!-- week6.marathon.TestCase001 -->
