<?xml version="1.0" encoding="UTF-8"?>
<!-- Generated by org.testng.reporters.JUnitReportReporter -->
<testsuite skipped="0" hostname="KrithvikRamdutya" name="week6.day1.assignment1.EditLead" tests="1" failures="0" timestamp="2022-08-15T17:36:02 IST" time="11.082" errors="0">
  <testcase name="leafTapEditLead" time="11.082" classname="week6.day1.assignment1.EditLead"/>
  <system-out/>
</testsuite> <!-- week6.day1.assignment1.EditLead -->
