<?xml version="1.0" encoding="UTF-8"?>
<!-- Generated by org.testng.reporters.JUnitReportReporter -->
<testsuite skipped="0" hostname="KrithvikRamdutya" name="runner.RunLeafTap" tests="1" failures="0" timestamp="2022-08-21T15:42:07 IST" time="4.161" errors="0">
  <testcase name="runScenario" time="4.161" classname="runner.RunLeafTap"/>
  <system-out/>
</testsuite> <!-- runner.RunLeafTap -->
