<?xml version="1.0" encoding="UTF-8"?>
<!-- Generated by org.testng.reporters.JUnitReportReporter -->
<testsuite skipped="1" hostname="KrithvikRamdutya" name="week6.day1.assignment2.DummyMainCaseforFailure" tests="1" failures="0" timestamp="2022-08-16T16:44:22 IST" time="0.000" errors="0">
  <testcase name="dummyMainTestCase" time="0.000" classname="week6.day1.assignment2.DummyMainCaseforFailure">
    <skipped/>
  </testcase> <!-- dummyMainTestCase -->
  <system-out/>
</testsuite> <!-- week6.day1.assignment2.DummyMainCaseforFailure -->
