<?xml version="1.0" encoding="UTF-8"?>
<!-- Generated by org.testng.reporters.JUnitReportReporter -->
<testsuite skipped="0" hostname="KrithvikRamdutya" name="week6.day1.assignment1.CreateLead" tests="1" failures="0" timestamp="2022-08-15T17:36:02 IST" time="15.678" errors="0">
  <testcase name="leafTapCreateLead" time="15.678" classname="week6.day1.assignment1.CreateLead"/>
  <system-out/>
</testsuite> <!-- week6.day1.assignment1.CreateLead -->
