<?xml version="1.0" encoding="UTF-8"?>
<!-- Generated by org.testng.reporters.JUnitReportReporter -->
<testsuite skipped="0" hostname="KrithvikRamdutya" name="week6.day1.assignment2.VerifySorting" tests="1" failures="0" timestamp="2022-08-16T16:44:22 IST" time="14.112" errors="0">
  <testcase name="SalesForceVerifySorting" time="14.112" classname="week6.day1.assignment2.VerifySorting"/>
  <system-out/>
</testsuite> <!-- week6.day1.assignment2.VerifySorting -->
