<?xml version="1.0" encoding="UTF-8"?>
<!-- Generated by org.testng.reporters.JUnitReportReporter -->
<testsuite skipped="0" hostname="KrithvikRamdutya" name="week7.day2.CreateLead" tests="1" failures="0" timestamp="2022-08-21T17:25:42 IST" time="11.263" errors="0">
  <testcase name="leafTapCreateLead" time="11.263" classname="week7.day2.CreateLead"/>
  <system-out/>
</testsuite> <!-- week7.day2.CreateLead -->
